<?xml version="1.0" encoding="UTF-8"?>
<!-- Generated by org.testng.reporters.JUnitXMLReporter -->
<testsuite ignored="0" hostname="LAPTOP-DROM4PF7" failures="0" tests="4" name="Default test" time="14.59" errors="0" timestamp="2025-02-04T15:38:01 IST">
  <testcase classname="testscript.LoginTest" name="verifyInvalidUsernameandInvalidPassword" time="0.953"/>
  <testcase classname="testscript.LoginTest" name="verifyValidUsernameandInvalidPassword" time="0.536"/>
  <testcase classname="testscript.LoginTest" name="verifyValidUsernameandPassword" time="1.858"/>
  <testcase classname="testscript.LoginTest" name="verifyWrongUsernameandValidPassword" time="0.541"/>
</testsuite> <!-- Default test -->
