<?xml version="1.0" encoding="UTF-8"?>
<!-- Generated by org.testng.reporters.JUnitXMLReporter -->
<testsuite ignored="0" hostname="LAPTOP-DROM4PF7" failures="0" tests="6" name="Test" time="34.419" errors="0" timestamp="2025-02-19T02:30:29 IST">
  <testcase classname="testscript.LoginTest" name="verifyUerLoginWithValidUsernameandPassword" time="3.034"/>
  <testcase classname="testscript.LoginTest" name="verifyUserLoginWithInvalidUsernameandInvalidPassword" time="0.953"/>
  <testcase classname="testscript.LoginTest" name="verifyUserLoginWithInvalidUsernameandInvalidPassword" time="0.739"/>
  <testcase classname="testscript.LoginTest" name="verifyUserLoginWithInvalidUsernameandInvalidPassword" time="0.748"/>
  <testcase classname="testscript.LoginTest" name="verifyUserLoginWithValidUsernameandInvalidPassword" time="1.333"/>
  <testcase classname="testscript.LoginTest" name="verifyUserLoginWithWrongUsernameandValidPassword" time="0.971"/>
</testsuite> <!-- Test -->
